0 info it worked if it ends with ok
1 verbose cli [ '/usr/local/bin/node', '/usr/local/bin/npm', 'start' ]
2 info using npm@3.10.10
3 info using node@v6.11.3
4 verbose run-script [ 'prestart', 'start', 'poststart' ]
5 info lifecycle gamux@0.0.1~prestart: gamux@0.0.1
6 verbose lifecycle gamux@0.0.1~prestart: unsafe-perm in lifecycle true
7 verbose lifecycle gamux@0.0.1~prestart: PATH: /usr/local/lib/node_modules/npm/bin/node-gyp-bin:/Users/ryanchen/dev/gamux/node_modules/.bin:/Library/Frameworks/Python.framework/Versions/2.7/bin:~/npm/bin:/Users/ryanchen/npm/bin:/Users/ryanchen/bin:/usr/local/bin:/usr/bin:/bin:/usr/sbin:/sbin
8 verbose lifecycle gamux@0.0.1~prestart: CWD: /Users/ryanchen/dev/gamux
9 silly lifecycle gamux@0.0.1~prestart: Args: [ '-c', 'babel-node tools/startMessage.js' ]
10 silly lifecycle gamux@0.0.1~prestart: Returned: code: 0  signal: null
11 info lifecycle gamux@0.0.1~start: gamux@0.0.1
12 verbose lifecycle gamux@0.0.1~start: unsafe-perm in lifecycle true
13 verbose lifecycle gamux@0.0.1~start: PATH: /usr/local/lib/node_modules/npm/bin/node-gyp-bin:/Users/ryanchen/dev/gamux/node_modules/.bin:/Library/Frameworks/Python.framework/Versions/2.7/bin:~/npm/bin:/Users/ryanchen/npm/bin:/Users/ryanchen/bin:/usr/local/bin:/usr/bin:/bin:/usr/sbin:/sbin
14 verbose lifecycle gamux@0.0.1~start: CWD: /Users/ryanchen/dev/gamux
15 silly lifecycle gamux@0.0.1~start: Args: [ '-c',
15 silly lifecycle   'npm-run-all --parallel webpack:watch test:watch open:src lint:watch' ]
16 silly lifecycle gamux@0.0.1~start: Returned: code: 1  signal: null
17 info lifecycle gamux@0.0.1~start: Failed to exec start script
18 verbose stack Error: gamux@0.0.1 start: `npm-run-all --parallel webpack:watch test:watch open:src lint:watch`
18 verbose stack Exit status 1
18 verbose stack     at EventEmitter.<anonymous> (/usr/local/lib/node_modules/npm/lib/utils/lifecycle.js:255:16)
18 verbose stack     at emitTwo (events.js:106:13)
18 verbose stack     at EventEmitter.emit (events.js:191:7)
18 verbose stack     at ChildProcess.<anonymous> (/usr/local/lib/node_modules/npm/lib/utils/spawn.js:40:14)
18 verbose stack     at emitTwo (events.js:106:13)
18 verbose stack     at ChildProcess.emit (events.js:191:7)
18 verbose stack     at maybeClose (internal/child_process.js:920:16)
18 verbose stack     at Process.ChildProcess._handle.onexit (internal/child_process.js:230:5)
19 verbose pkgid gamux@0.0.1
20 verbose cwd /Users/ryanchen/dev/gamux
21 error Darwin 14.4.0
22 error argv "/usr/local/bin/node" "/usr/local/bin/npm" "start"
23 error node v6.11.3
24 error npm  v3.10.10
25 error code ELIFECYCLE
26 error gamux@0.0.1 start: `npm-run-all --parallel webpack:watch test:watch open:src lint:watch`
26 error Exit status 1
27 error Failed at the gamux@0.0.1 start script 'npm-run-all --parallel webpack:watch test:watch open:src lint:watch'.
27 error Make sure you have the latest version of node.js and npm installed.
27 error If you do, this is most likely a problem with the gamux package,
27 error not with npm itself.
27 error Tell the author that this fails on your system:
27 error     npm-run-all --parallel webpack:watch test:watch open:src lint:watch
27 error You can get information on how to open an issue for this project with:
27 error     npm bugs gamux
27 error Or if that isn't available, you can get their info via:
27 error     npm owner ls gamux
27 error There is likely additional logging output above.
28 verbose exit [ 1, true ]
